Library Loaded
Closing: 0 0
Closing: 0 0
FTD_Open returned: 2
Closing: 0 0
Closing: 0 0
FTD_Open returned: 2
Reading Addr 0x1006 Data 0x1006
Found BitFile Version 4102
Closing: 0 0
Closing: 0 0
FTD_Open returned: 2
Reading Addr 0x1006 Data 0x1006
Found BitFile Version 4102
Closing: 0 0
Closing: 0 0
FTD_Open returned: 2
Reading Addr 0x1006 Data 0x1006
Found BitFile Version 4102
Closing: 0 0
Closing: 0 0
Closing: 0 0
FTD_Open returned: 2
Closing: 0 0
Closing: 0 0
FTD_Open returned: 2
Reading Addr 0x1006 Data 0x1006
Found BitFile Version 4102
Closing: 0 0
Closing: 0 0
Closing: 0 0
